<?xml version="1.0" encoding="utf-8"?><testsuites name="pytest tests"><testsuite name="pytest" errors="0" failures="0" skipped="0" tests="7" time="5.437" timestamp="2026-09-17T19:44:28.656315+00:00" hostname="agent-env-afc438ed-539c-4c83-af66-b5c1acbc9100"><testcase classname="tests.test_aceite_emprestimo.TestAceiteInfo" name="test_info_ok" time="0.756" /><testcase classname="tests.test_aceite_emprestimo.TestAceiteInfo" name="test_info_token_invalido" time="0.224" /><testcase classname="tests.test_aceite_emprestimo.TestAceiteConfirmarValidacoes" name="test_sem_turnstile" time="0.559" /><testcase classname="tests.test_aceite_emprestimo.TestAceiteConfirmarValidacoes" name="test_sem_confirmou_dados" time="0.723" /><testcase classname="tests.test_aceite_emprestimo.TestAceiteConfirmarValidacoes" name="test_sem_consentimento" time="0.658" /><testcase classname="tests.test_aceite_emprestimo.TestAceiteConfirmarValidacoes" name="test_sem_assinatura" time="0.665" /><testcase classname="tests.test_aceite_emprestimo.TestAceiteConfirmarSucesso" name="test_aceite_sucesso_e_reenvio_bloqueado" time="1.775" /></testsuite></testsuites>