<?xml version="1.0" encoding="utf-8"?><testsuites name="pytest tests"><testsuite name="pytest" errors="0" failures="0" skipped="0" tests="4" time="1.704" timestamp="2026-09-06T18:41:51.812684+00:00" hostname="agent-env-7ec3a901-ff42-4cde-a47f-0339bb73dcd1"><testcase classname="backend.tests.test_admin_carteira_ajuste" name="test_listar_carteiras_admin" time="0.615" /><testcase classname="backend.tests.test_admin_carteira_ajuste" name="test_ajuste_credito_e_reverte" time="0.590" /><testcase classname="backend.tests.test_admin_carteira_ajuste" name="test_ajuste_debito_maior_que_saldo" time="0.264" /><testcase classname="backend.tests.test_admin_carteira_ajuste" name="test_ajuste_valor_zero" time="0.190" /></testsuite></testsuites>