<?xml version="1.0" encoding="utf-8"?><testsuites name="pytest tests"><testsuite name="pytest" errors="0" failures="0" skipped="11" tests="11" time="0.360" timestamp="2026-05-18T01:51:00.523936+00:00" hostname="agent-env-06e09007-a7e0-4cbf-8b2f-a98bba226da9"><testcase classname="backend.tests.test_backup.TestBackupStatus" name="test_status_ok" time="0.147"><skipped type="pytest.skip" message="Login falhou: 429 {&quot;detail&quot;:&quot;Muitas requisições. Por favor, aguarde.&quot;,&quot;retry_after&quot;:2}">/app/backend/tests/test_backup.py:29: Login falhou: 429 {"detail":"Muitas requisições. Por favor, aguarde.","retry_after":2}</skipped></testcase><testcase classname="backend.tests.test_backup.TestBackupListar" name="test_listar_ok" time="0.000"><skipped type="pytest.skip" message="Login falhou: 429 {&quot;detail&quot;:&quot;Muitas requisições. Por favor, aguarde.&quot;,&quot;retry_after&quot;:2}">/app/backend/tests/test_backup.py:41: Login falhou: 429 {"detail":"Muitas requisições. Por favor, aguarde.","retry_after":2}</skipped></testcase><testcase classname="backend.tests.test_backup.TestBackupLogs" name="test_logs_ok" time="0.000"><skipped type="pytest.skip" message="Login falhou: 429 {&quot;detail&quot;:&quot;Muitas requisições. Por favor, aguarde.&quot;,&quot;retry_after&quot;:2}">/app/backend/tests/test_backup.py:53: Login falhou: 429 {"detail":"Muitas requisições. Por favor, aguarde.","retry_after":2}</skipped></testcase><testcase classname="backend.tests.test_backup.TestBackupCriar" name="test_criar_backup" time="0.000"><skipped type="pytest.skip" message="Login falhou: 429 {&quot;detail&quot;:&quot;Muitas requisições. Por favor, aguarde.&quot;,&quot;retry_after&quot;:2}">/app/backend/tests/test_backup.py:66: Login falhou: 429 {"detail":"Muitas requisições. Por favor, aguarde.","retry_after":2}</skipped></testcase><testcase classname="backend.tests.test_backup.TestBackupCriar" name="test_backup_aparece_na_lista" time="0.000"><skipped type="pytest.skip" message="Login falhou: 429 {&quot;detail&quot;:&quot;Muitas requisições. Por favor, aguarde.&quot;,&quot;retry_after&quot;:2}">/app/backend/tests/test_backup.py:76: Login falhou: 429 {"detail":"Muitas requisições. Por favor, aguarde.","retry_after":2}</skipped></testcase><testcase classname="backend.tests.test_backup.TestBackupCriar" name="test_log_criado_apos_backup" time="0.000"><skipped type="pytest.skip" message="Login falhou: 429 {&quot;detail&quot;:&quot;Muitas requisições. Por favor, aguarde.&quot;,&quot;retry_after&quot;:2}">/app/backend/tests/test_backup.py:85: Login falhou: 429 {"detail":"Muitas requisições. Por favor, aguarde.","retry_after":2}</skipped></testcase><testcase classname="backend.tests.test_backup.TestBackupDeletar" name="test_deletar_backup_inexistente" time="0.000"><skipped type="pytest.skip" message="Login falhou: 429 {&quot;detail&quot;:&quot;Muitas requisições. Por favor, aguarde.&quot;,&quot;retry_after&quot;:2}">/app/backend/tests/test_backup.py:99: Login falhou: 429 {"detail":"Muitas requisições. Por favor, aguarde.","retry_after":2}</skipped></testcase><testcase classname="backend.tests.test_backup.TestBackupDeletar" name="test_criar_e_deletar_backup" time="0.000"><skipped type="pytest.skip" message="Login falhou: 429 {&quot;detail&quot;:&quot;Muitas requisições. Por favor, aguarde.&quot;,&quot;retry_after&quot;:2}">/app/backend/tests/test_backup.py:104: Login falhou: 429 {"detail":"Muitas requisições. Por favor, aguarde.","retry_after":2}</skipped></testcase><testcase classname="backend.tests.test_backup.TestBackupDownload" name="test_download_inexistente" time="0.000"><skipped type="pytest.skip" message="Login falhou: 429 {&quot;detail&quot;:&quot;Muitas requisições. Por favor, aguarde.&quot;,&quot;retry_after&quot;:2}">/app/backend/tests/test_backup.py:126: Login falhou: 429 {"detail":"Muitas requisições. Por favor, aguarde.","retry_after":2}</skipped></testcase><testcase classname="backend.tests.test_backup.TestBackupDownload" name="test_download_backup_existente" time="0.000"><skipped type="pytest.skip" message="Login falhou: 429 {&quot;detail&quot;:&quot;Muitas requisições. Por favor, aguarde.&quot;,&quot;retry_after&quot;:2}">/app/backend/tests/test_backup.py:131: Login falhou: 429 {"detail":"Muitas requisições. Por favor, aguarde.","retry_after":2}</skipped></testcase><testcase classname="backend.tests.test_backup.TestBackupScheduler" name="test_scheduler_tem_job_backup" time="0.000"><skipped type="pytest.skip" message="Login falhou: 429 {&quot;detail&quot;:&quot;Muitas requisições. Por favor, aguarde.&quot;,&quot;retry_after&quot;:2}">/app/backend/tests/test_backup.py:151: Login falhou: 429 {"detail":"Muitas requisições. Por favor, aguarde.","retry_after":2}</skipped></testcase></testsuite></testsuites>