<?xml version="1.0" encoding="utf-8"?><testsuites name="pytest tests"><testsuite name="pytest" errors="0" failures="0" skipped="0" tests="10" time="4.005" timestamp="2026-09-17T19:26:43.495244+00:00" hostname="agent-env-afc438ed-539c-4c83-af66-b5c1acbc9100"><testcase classname="tests.test_cadastro_publico_turnstile" name="test_info_publica_returns_empresa" time="0.451" /><testcase classname="tests.test_cadastro_publico_turnstile" name="test_info_invalid_token_404" time="0.198" /><testcase classname="tests.test_cadastro_publico_turnstile" name="test_solicitar_sem_turnstile_400" time="0.291" /><testcase classname="tests.test_cadastro_publico_turnstile" name="test_solicitar_com_turnstile_json_success" time="0.588" /><testcase classname="tests.test_cadastro_publico_turnstile" name="test_solicitar_telefone_invalido" time="0.237" /><testcase classname="tests.test_cadastro_publico_turnstile" name="test_solicitar_cpf_invalido" time="0.393" /><testcase classname="tests.test_cadastro_publico_turnstile" name="test_solicitar_nome_curto" time="0.258" /><testcase classname="tests.test_cadastro_publico_turnstile" name="test_solicitar_multipart_sem_consentimento_com_anexo_400" time="0.275" /><testcase classname="tests.test_cadastro_publico_turnstile" name="test_solicitar_multipart_com_consentimento_sucesso" time="1.044" /><testcase classname="tests.test_cadastro_publico_turnstile" name="test_solicitar_multipart_sem_turnstile_400" time="0.202" /></testsuite></testsuites>