<?xml version="1.0" encoding="utf-8"?><testsuites name="pytest tests"><testsuite name="pytest" errors="0" failures="0" skipped="0" tests="9" time="4.337" timestamp="2026-09-04T03:09:11.084346+00:00" hostname="agent-env-9e2c876e-76fb-499f-9dc7-ac03f05e4ef2"><testcase classname="backend.tests.test_consultas_cpf" name="test_cpf_valido_retorna_200" time="1.891" /><testcase classname="backend.tests.test_consultas_cpf" name="test_cpf_valido_nao_vaza_chave_api" time="0.001" /><testcase classname="backend.tests.test_consultas_cpf" name="test_cpf_invalido_retorna_400" time="0.215" /><testcase classname="backend.tests.test_consultas_cpf" name="test_cpf_sem_auth_retorna_401_ou_403" time="0.139" /><testcase classname="backend.tests.test_consultas_cpf" name="test_historico_lista_recentes" time="0.119" /><testcase classname="backend.tests.test_consultas_cpf" name="test_obter_consulta_por_id" time="0.219" /><testcase classname="backend.tests.test_consultas_cpf" name="test_obter_consulta_id_inexistente_404" time="0.184" /><testcase classname="backend.tests.test_consultas_cpf" name="test_delete_soft_remove" time="1.203" /><testcase classname="backend.tests.test_consultas_cpf" name="test_delete_id_inexistente_404" time="0.144" /></testsuite></testsuites>