<?xml version="1.0" encoding="utf-8"?><testsuites name="pytest tests"><testsuite name="pytest" errors="0" failures="0" skipped="1" tests="11" time="6.456" timestamp="2026-09-04T17:34:21.871173+00:00" hostname="agent-env-e10f0c7d-6e26-4067-aa1d-74609625b3bf"><testcase classname="backend.tests.test_consultas_novos_modulos" name="test_cnpj_200_e_dados_empresa" time="0.999" /><testcase classname="backend.tests.test_consultas_novos_modulos" name="test_cnpj_historico_contem_tipo" time="0.157" /><testcase classname="backend.tests.test_consultas_novos_modulos" name="test_telefone_200_e_lista" time="0.417" /><testcase classname="backend.tests.test_consultas_novos_modulos" name="test_nome_200_e_lista" time="0.639" /><testcase classname="backend.tests.test_consultas_novos_modulos" name="test_nome_curto_retorna_400" time="0.205" /><testcase classname="backend.tests.test_consultas_novos_modulos" name="test_cpf_dividas_200_com_avaliacao" time="0.388" /><testcase classname="backend.tests.test_consultas_novos_modulos" name="test_cnpj_dividas_200_com_dados_consulta" time="0.344" /><testcase classname="backend.tests.test_consultas_novos_modulos" name="test_facial_foto_invalida_retorna_400" time="0.193" /><testcase classname="backend.tests.test_consultas_novos_modulos" name="test_facial_com_foto_base64_retorna_200" time="2.548"><skipped type="pytest.skip" message="LosDados facial endpoint currently returning upstream 502: &lt;!DOCTYPE html&gt;&#10;&lt;!--[if lt IE 7]&gt; &lt;html class=&quot;no-js ie6 oldie&quot; lang=&quot;en-US&quot;&gt; &lt;![endif]--&gt;&#10;&lt;!--[if IE 7]&gt;    &lt;html class=&quot;no-js ie7 oldie&quot; lang=&quot;en-US&quot;&gt; &lt;![endif]--&gt;&#10;&lt;!--[if IE 8]&gt;    &lt;html class=&quot;no-">/app/backend/tests/test_consultas_novos_modulos.py:206: LosDados facial endpoint currently returning upstream 502: &lt;!DOCTYPE html&gt;
&lt;!--[if lt IE 7]&gt; &lt;html class="no-js ie6 oldie" lang="en-US"&gt; &lt;![endif]--&gt;
&lt;!--[if IE 7]&gt;    &lt;html class="no-js ie7 oldie" lang="en-US"&gt; &lt;![endif]--&gt;
&lt;!--[if IE 8]&gt;    &lt;html class="no-</skipped></testcase><testcase classname="backend.tests.test_consultas_novos_modulos" name="test_historico_filtro_cpf_dividas" time="0.347" /><testcase classname="backend.tests.test_consultas_novos_modulos" name="test_get_por_id_traz_campo_documento" time="0.154" /></testsuite></testsuites>