<?xml version="1.0" encoding="utf-8"?><testsuites name="pytest tests"><testsuite name="pytest" errors="0" failures="1" skipped="0" tests="4" time="21.100" timestamp="2026-09-03T22:02:17.772553+00:00" hostname="agent-env-b232168a-a41e-42e0-8a7e-af2394906cc0"><testcase classname="backend.tests.test_editar_emprestimo_bug" name="test_editar_apenas_status_com_parcelas_pagas_deve_passar" time="1.112" /><testcase classname="backend.tests.test_editar_emprestimo_bug" name="test_editar_valor_financeiro_com_parcelas_pagas_deve_bloquear" time="19.578" /><testcase classname="backend.tests.test_editar_emprestimo_bug" name="test_editar_data_inicio_igual_nao_deve_disparar_recalculo" time="0.194" /><testcase classname="backend.tests.test_editar_emprestimo_bug" name="test_editar_status_sem_parcelas_pagas_nao_regenera_parcelas" time="0.137"><failure message="AttributeError: 'str' object has no attribute 'get'">backend/tests/test_editar_emprestimo_bug.py:81: in test_editar_status_sem_parcelas_pagas_nao_regenera_parcelas
    if e.get("status") == "quitado":
       ^^^^^
E   AttributeError: 'str' object has no attribute 'get'</failure></testcase></testsuite></testsuites>