<?xml version="1.0" encoding="utf-8"?><testsuites name="pytest tests"><testsuite name="pytest" errors="0" failures="0" skipped="0" tests="8" time="1.971" timestamp="2026-09-03T17:31:41.258116+00:00" hostname="agent-env-e255faa3-413d-4308-9fec-ffd3e67c47fc"><testcase classname="tests.test_emprestimos_abertos_job_fix.TestHealthAndAuth" name="test_backend_reachable" time="0.202" /><testcase classname="tests.test_emprestimos_abertos_job_fix.TestHealthAndAuth" name="test_login" time="0.625" /><testcase classname="tests.test_emprestimos_abertos_job_fix.TestRodrigoEmprestimo" name="test_status_inadimplente_and_open" time="0.146" /><testcase classname="tests.test_emprestimos_abertos_job_fix.TestRodrigoEmprestimo" name="test_parcelas_continuas_sem_gaps_e_parcela_futura" time="0.104" /><testcase classname="tests.test_emprestimos_abertos_job_fix.TestJobGeracaoParcelas" name="test_job_gera_para_ativo_e_inadimplente_nao_para_quitado_cancelado" time="0.418" /><testcase classname="tests.test_emprestimos_abertos_job_fix.TestJobGeracaoParcelas" name="test_job_nao_duplica_parcelas_do_emprestimo_rodrigo" time="0.007" /><testcase classname="tests.test_emprestimos_abertos_job_fix.TestPagamentoGeraProximaParcela" name="test_pagar_ultima_parcela_de_emprestimo_inadimplente_gera_proxima" time="0.155" /><testcase classname="tests.test_emprestimos_abertos_job_fix.TestPagamentoGeraProximaParcela" name="test_pagar_com_outra_parcela_pendente_nao_gera_nova" time="0.157" /></testsuite></testsuites>