<?xml version="1.0" encoding="utf-8"?><testsuites name="pytest tests"><testsuite name="pytest" errors="0" failures="0" skipped="0" tests="4" time="1.505" timestamp="2026-09-21T18:45:19.880456+00:00" hostname="agent-env-58322996-762c-4c69-a190-240071e81d8b"><testcase classname="tests.test_exportacao" name="test_resumo" time="0.815" /><testcase classname="tests.test_exportacao" name="test_export_csv_zip_all" time="0.194" /><testcase classname="tests.test_exportacao" name="test_export_csv_pagamentos_only" time="0.195" /><testcase classname="tests.test_exportacao" name="test_export_json" time="0.245" /></testsuite></testsuites>