<?xml version="1.0" encoding="utf-8"?><testsuites name="pytest tests"><testsuite name="pytest" errors="0" failures="0" skipped="0" tests="15" time="3.714" timestamp="2026-09-09T17:48:47.421162+00:00" hostname="agent-env-e5eaff5f-7e3f-43c5-9282-478ec4cef22b"><testcase classname="backend.tests.test_hardening_regex" name="test_login_admin_ok" time="0.593" /><testcase classname="backend.tests.test_hardening_regex" name="test_superadmin_usuarios_paginacao" time="0.710" /><testcase classname="backend.tests.test_hardening_regex" name="test_superadmin_usuarios_busca_adilson" time="0.217" /><testcase classname="backend.tests.test_hardening_regex" name="test_superadmin_usuarios_busca_regex_especial_nao_500[(]" time="0.191" /><testcase classname="backend.tests.test_hardening_regex" name="test_superadmin_usuarios_busca_regex_especial_nao_500[.*]" time="0.168" /><testcase classname="backend.tests.test_hardening_regex" name="test_superadmin_usuarios_busca_regex_especial_nao_500[[]" time="0.157" /><testcase classname="backend.tests.test_hardening_regex" name="test_superadmin_usuarios_busca_regex_especial_nao_500[\\]" time="0.158" /><testcase classname="backend.tests.test_hardening_regex" name="test_superadmin_usuarios_busca_regex_especial_nao_500[?]" time="0.182" /><testcase classname="backend.tests.test_hardening_regex" name="test_superadmin_usuarios_busca_regex_especial_nao_500[+]" time="0.252" /><testcase classname="backend.tests.test_hardening_regex" name="test_superadmin_assinaturas_busca" time="0.161" /><testcase classname="backend.tests.test_hardening_regex" name="test_superadmin_assinaturas_regex_especial_nao_500[(]" time="0.163" /><testcase classname="backend.tests.test_hardening_regex" name="test_superadmin_assinaturas_regex_especial_nao_500[.*]" time="0.140" /><testcase classname="backend.tests.test_hardening_regex" name="test_admin_transacoes_email_regex_escapado[(]" time="0.147" /><testcase classname="backend.tests.test_hardening_regex" name="test_admin_transacoes_email_regex_escapado[.*]" time="0.173" /><testcase classname="backend.tests.test_hardening_regex" name="test_admin_transacoes_email_regex_escapado[adilson]" time="0.250" /></testsuite></testsuites>