<?xml version="1.0" encoding="utf-8"?><testsuites name="pytest tests"><testsuite name="pytest" errors="0" failures="1" skipped="0" tests="32" time="14.258" timestamp="2026-09-03T18:55:37.731657+00:00" hostname="agent-env-e255faa3-413d-4308-9fec-ffd3e67c47fc"><testcase classname="tests.test_regra_unificada_e_resumo.TestRegraUnificada" name="test_fonte_unica_do_limiar" time="0.289" /><testcase classname="tests.test_regra_unificada_e_resumo.TestRegraUnificada" name="test_a_pagar_parcela_40d_reverte_para_ativo" time="0.617" /><testcase classname="tests.test_regra_unificada_e_resumo.TestRegraUnificada" name="test_b_permanece_inadimplente_com_outra_30_mais" time="0.076" /><testcase classname="tests.test_regra_unificada_e_resumo.TestRegraUnificada" name="test_c_pagamento_parcial_nao_reverte" time="0.081" /><testcase classname="tests.test_regra_unificada_e_resumo.TestRegraUnificada" name="test_d_job_nao_oscila_apos_pagamento" time="2.139" /><testcase classname="tests.test_regra_unificada_e_resumo.TestRegraUnificada" name="test_job_marca_apenas_30_mais" time="0.986" /><testcase classname="tests.test_regra_unificada_e_resumo.TestRegraUnificada" name="test_divergencia_multa_mora_job_vs_pagamento" time="1.057"><failure message="AssertionError: OSCILAÇÃO: pagamento deixou 'inadimplente', job mudou p/ 'ativo' (job ignora multa/juros_mora no cálculo do saldo devido)&#10;assert 'ativo' == 'inadimplente'&#10;  &#10;  - inadimplente&#10;  + ativo">self = &lt;test_regra_unificada_e_resumo.TestRegraUnificada object at 0xfa181a93e890&gt;
auth = &lt;requests.sessions.Session object at 0xfa181997e210&gt;
mongo_db = Database(MongoClient(host=['localhost:27017'], document_class=dict, tz_aware=False, connect=True), 'gestorcred')
usuario_id = 'fabf3ca4-0d42-4f32-a583-ad346916a27a'

    def test_divergencia_multa_mora_job_vs_pagamento(self, auth, mongo_db, usuario_id):
        """EDGE: parcela 40d com multa/mora — o serviço conta multa+mora no saldo,
        mas o job usa apenas valor_total - valor_pago. Se divergirem, o status oscila."""
        cliente_id, emp_id, parcelas = _criar(
            mongo_db, usuario_id, "inadimplente", [40], dias_inicio=40)
        try:
            mongo_db.parcelas.update_one({"id": parcelas[0]},
                                         {"$set": {"valor_multa": 10, "valor_juros_mora": 5}})
            r = auth.post(f"{BASE_URL}/api/pagamentos", json={
                "parcela_id": parcelas[0], "valor_pago": 50,
                "metodo_pagamento": "pix", "observacoes": "TEST_ru multa"}, timeout=120)
            assert r.status_code == 200, r.text[:400]
            p = mongo_db.parcelas.find_one({"id": parcelas[0]}, {"_id": 0})
            assert p["status"] == "parcial", p  # ainda deve 15 (multa+mora)
            status_pagamento = _status(mongo_db, emp_id)
            _run_job("jobs.inadimplencia_job")
            status_job = _status(mongo_db, emp_id)
&gt;           assert status_job == status_pagamento, (
                f"OSCILAÇÃO: pagamento deixou '{status_pagamento}', job mudou p/ '{status_job}' "
                "(job ignora multa/juros_mora no cálculo do saldo devido)"
            )
E           AssertionError: OSCILAÇÃO: pagamento deixou 'inadimplente', job mudou p/ 'ativo' (job ignora multa/juros_mora no cálculo do saldo devido)
E           assert 'ativo' == 'inadimplente'
E             
E             - inadimplente
E             + ativo

tests/test_regra_unificada_e_resumo.py:244: AssertionError</failure></testcase><testcase classname="tests.test_regra_unificada_e_resumo.TestCobrancaPainel" name="test_resumo_expoe_parcela_id_valido" time="0.094" /><testcase classname="tests.test_regra_unificada_e_resumo.TestCobrancaPainel" name="test_pagar_pelo_painel_atualiza_totais" time="0.271" /><testcase classname="tests.test_regra_unificada_e_resumo.TestCobrancaPainel" name="test_pagamento_valor_invalido_rejeitado" time="0.141" /><testcase classname="tests.test_regra_unificada_e_resumo.TestResumoWhatsapp" name="test_job_executa_sem_erro" time="1.046" /><testcase classname="tests.test_regra_unificada_e_resumo.TestResumoWhatsapp" name="test_registrado_no_scheduler" time="0.000" /><testcase classname="tests.test_regra_unificada_e_resumo.TestResumoWhatsapp" name="test_resumo_do_gestor_coerente" time="0.055" /><testcase classname="tests.test_melhorias_abertos.TestResumoAbertos" name="test_requer_autenticacao" time="0.176" /><testcase classname="tests.test_melhorias_abertos.TestResumoAbertos" name="test_estrutura_e_consistencia" time="0.515" /><testcase classname="tests.test_melhorias_abertos.TestResumoAbertos" name="test_ordenacao_mais_atrasados_primeiro" time="0.093" /><testcase classname="tests.test_melhorias_abertos.TestResumoAbertos" name="test_apenas_sem_prazo_do_usuario" time="0.094" /><testcase classname="tests.test_melhorias_abertos.TestJobAbertosIdempotente" name="test_job_nao_duplica_parcelas" time="1.993" /><testcase classname="tests.test_melhorias_abertos.TestJobAbertosIdempotente" name="test_sem_duplicidade_numero_parcela" time="0.001" /><testcase classname="tests.test_melhorias_abertos.TestJobAbertosIdempotente" name="test_job_cobre_inadimplentes" time="0.001" /><testcase classname="tests.test_melhorias_abertos.TestJobAbertosIdempotente" name="test_valor_juros_calculado_corretamente" time="0.009" /><testcase classname="tests.test_melhorias_abertos.TestJobAbertosIdempotente" name="test_servico_compartilhado_usado_nos_dois_fluxos" time="0.000" /><testcase classname="tests.test_melhorias_abertos.TestAlertaInadimplencia" name="test_notificacao_criada_e_nao_recriada" time="2.009" /><testcase classname="tests.test_melhorias_abertos.TestAlertaInadimplencia" name="test_notificacao_visivel_na_api" time="1.108" /><testcase classname="tests.test_melhorias_abertos.TestReversaoAutomatica" name="test_volta_para_ativo_somente_quando_zera_atrasadas" time="0.252" /><testcase classname="tests.test_melhorias_abertos.TestReversaoAutomatica" name="test_pagamento_parcial_nao_reverte" time="0.085" /><testcase classname="tests.test_melhorias_abertos.TestReversaoAutomatica" name="test_pagamento_de_metade_nao_deve_marcar_pago" time="0.085" /><testcase classname="tests.test_melhorias_abertos.TestFixesPagamento" name="test_metade_depois_restante_vira_pago" time="0.182" /><testcase classname="tests.test_melhorias_abertos.TestFixesPagamento" name="test_multa_e_mora_contam_no_total_devido" time="0.171" /><testcase classname="tests.test_melhorias_abertos.TestFixesPagamento" name="test_parcial_depois_quitacao_reverte_para_ativo" time="0.240" /><testcase classname="tests.test_melhorias_abertos.TestFixesPagamento" name="test_quitar_uma_vencida_com_outra_vencida_mantem_inadimplente" time="0.080" /><testcase classname="tests.test_melhorias_abertos.TestFixesPagamento" name="test_pagamento_acima_do_devido_marca_pago" time="0.080" /></testsuite></testsuites>