<?xml version="1.0" encoding="utf-8"?><testsuites name="pytest tests"><testsuite name="pytest" errors="0" failures="0" skipped="0" tests="35" time="20.537" timestamp="2026-09-03T19:03:31.948190+00:00" hostname="agent-env-e255faa3-413d-4308-9fec-ffd3e67c47fc"><testcase classname="tests.test_regra_unificada_e_resumo.TestRegraUnificada" name="test_fonte_unica_do_limiar" time="0.274" /><testcase classname="tests.test_regra_unificada_e_resumo.TestRegraUnificada" name="test_a_pagar_parcela_40d_reverte_para_ativo" time="0.581" /><testcase classname="tests.test_regra_unificada_e_resumo.TestRegraUnificada" name="test_b_permanece_inadimplente_com_outra_30_mais" time="0.078" /><testcase classname="tests.test_regra_unificada_e_resumo.TestRegraUnificada" name="test_c_pagamento_parcial_nao_reverte" time="0.087" /><testcase classname="tests.test_regra_unificada_e_resumo.TestRegraUnificada" name="test_d_job_nao_oscila_apos_pagamento" time="2.121" /><testcase classname="tests.test_regra_unificada_e_resumo.TestRegraUnificada" name="test_job_marca_apenas_30_mais" time="0.992" /><testcase classname="tests.test_regra_unificada_e_resumo.TestRegraUnificada" name="test_divergencia_multa_mora_job_vs_pagamento" time="1.050" /><testcase classname="tests.test_regra_unificada_e_resumo.TestCobrancaPainel" name="test_resumo_expoe_parcela_id_valido" time="0.099" /><testcase classname="tests.test_regra_unificada_e_resumo.TestCobrancaPainel" name="test_pagar_pelo_painel_atualiza_totais" time="0.268" /><testcase classname="tests.test_regra_unificada_e_resumo.TestCobrancaPainel" name="test_pagamento_valor_invalido_rejeitado" time="0.160" /><testcase classname="tests.test_regra_unificada_e_resumo.TestResumoWhatsapp" name="test_job_executa_sem_erro" time="1.025" /><testcase classname="tests.test_regra_unificada_e_resumo.TestResumoWhatsapp" name="test_registrado_no_scheduler" time="0.000" /><testcase classname="tests.test_regra_unificada_e_resumo.TestResumoWhatsapp" name="test_resumo_do_gestor_coerente" time="0.056" /><testcase classname="tests.test_regra_unificada_e_resumo.TestFixMultaMoraJobVsServico" name="test_job_marca_quando_resta_apenas_multa_mora" time="1.957" /><testcase classname="tests.test_regra_unificada_e_resumo.TestFixMultaMoraJobVsServico" name="test_job_reverte_quando_saldo_residual_menor_que_limiar" time="1.951" /><testcase classname="tests.test_regra_unificada_e_resumo.TestFixMultaMoraJobVsServico" name="test_pagamento_e_job_convergem_em_multiplos_ciclos" time="2.108" /><testcase classname="tests.test_melhorias_abertos.TestResumoAbertos" name="test_requer_autenticacao" time="0.179" /><testcase classname="tests.test_melhorias_abertos.TestResumoAbertos" name="test_estrutura_e_consistencia" time="0.642" /><testcase classname="tests.test_melhorias_abertos.TestResumoAbertos" name="test_ordenacao_mais_atrasados_primeiro" time="0.127" /><testcase classname="tests.test_melhorias_abertos.TestResumoAbertos" name="test_apenas_sem_prazo_do_usuario" time="0.164" /><testcase classname="tests.test_melhorias_abertos.TestJobAbertosIdempotente" name="test_job_nao_duplica_parcelas" time="1.964" /><testcase classname="tests.test_melhorias_abertos.TestJobAbertosIdempotente" name="test_sem_duplicidade_numero_parcela" time="0.001" /><testcase classname="tests.test_melhorias_abertos.TestJobAbertosIdempotente" name="test_job_cobre_inadimplentes" time="0.001" /><testcase classname="tests.test_melhorias_abertos.TestJobAbertosIdempotente" name="test_valor_juros_calculado_corretamente" time="0.008" /><testcase classname="tests.test_melhorias_abertos.TestJobAbertosIdempotente" name="test_servico_compartilhado_usado_nos_dois_fluxos" time="0.000" /><testcase classname="tests.test_melhorias_abertos.TestAlertaInadimplencia" name="test_notificacao_criada_e_nao_recriada" time="1.961" /><testcase classname="tests.test_melhorias_abertos.TestAlertaInadimplencia" name="test_notificacao_visivel_na_api" time="1.081" /><testcase classname="tests.test_melhorias_abertos.TestReversaoAutomatica" name="test_volta_para_ativo_somente_quando_zera_atrasadas" time="0.313" /><testcase classname="tests.test_melhorias_abertos.TestReversaoAutomatica" name="test_pagamento_parcial_nao_reverte" time="0.107" /><testcase classname="tests.test_melhorias_abertos.TestReversaoAutomatica" name="test_pagamento_de_metade_nao_deve_marcar_pago" time="0.108" /><testcase classname="tests.test_melhorias_abertos.TestFixesPagamento" name="test_metade_depois_restante_vira_pago" time="0.202" /><testcase classname="tests.test_melhorias_abertos.TestFixesPagamento" name="test_multa_e_mora_contam_no_total_devido" time="0.198" /><testcase classname="tests.test_melhorias_abertos.TestFixesPagamento" name="test_parcial_depois_quitacao_reverte_para_ativo" time="0.314" /><testcase classname="tests.test_melhorias_abertos.TestFixesPagamento" name="test_quitar_uma_vencida_com_outra_vencida_mantem_inadimplente" time="0.104" /><testcase classname="tests.test_melhorias_abertos.TestFixesPagamento" name="test_pagamento_acima_do_devido_marca_pago" time="0.116" /></testsuite></testsuites>