<?xml version="1.0" encoding="utf-8"?><testsuites name="pytest tests"><testsuite name="pytest" errors="0" failures="0" skipped="0" tests="19" time="6.493" timestamp="2026-09-03T18:16:58.273751+00:00" hostname="agent-env-e255faa3-413d-4308-9fec-ffd3e67c47fc"><testcase classname="tests.test_melhorias_abertos.TestResumoAbertos" name="test_requer_autenticacao" time="0.189" /><testcase classname="tests.test_melhorias_abertos.TestResumoAbertos" name="test_estrutura_e_consistencia" time="0.528" /><testcase classname="tests.test_melhorias_abertos.TestResumoAbertos" name="test_ordenacao_mais_atrasados_primeiro" time="0.104" /><testcase classname="tests.test_melhorias_abertos.TestResumoAbertos" name="test_apenas_sem_prazo_do_usuario" time="0.105" /><testcase classname="tests.test_melhorias_abertos.TestJobAbertosIdempotente" name="test_job_nao_duplica_parcelas" time="1.943" /><testcase classname="tests.test_melhorias_abertos.TestJobAbertosIdempotente" name="test_sem_duplicidade_numero_parcela" time="0.001" /><testcase classname="tests.test_melhorias_abertos.TestJobAbertosIdempotente" name="test_job_cobre_inadimplentes" time="0.001" /><testcase classname="tests.test_melhorias_abertos.TestJobAbertosIdempotente" name="test_valor_juros_calculado_corretamente" time="0.008" /><testcase classname="tests.test_melhorias_abertos.TestJobAbertosIdempotente" name="test_servico_compartilhado_usado_nos_dois_fluxos" time="0.000" /><testcase classname="tests.test_melhorias_abertos.TestAlertaInadimplencia" name="test_notificacao_criada_e_nao_recriada" time="1.459" /><testcase classname="tests.test_melhorias_abertos.TestAlertaInadimplencia" name="test_notificacao_visivel_na_api" time="0.813" /><testcase classname="tests.test_melhorias_abertos.TestReversaoAutomatica" name="test_volta_para_ativo_somente_quando_zera_atrasadas" time="0.247" /><testcase classname="tests.test_melhorias_abertos.TestReversaoAutomatica" name="test_pagamento_parcial_nao_reverte" time="0.083" /><testcase classname="tests.test_melhorias_abertos.TestReversaoAutomatica" name="test_pagamento_de_metade_nao_deve_marcar_pago" time="0.084" /><testcase classname="tests.test_melhorias_abertos.TestFixesPagamento" name="test_metade_depois_restante_vira_pago" time="0.163" /><testcase classname="tests.test_melhorias_abertos.TestFixesPagamento" name="test_multa_e_mora_contam_no_total_devido" time="0.169" /><testcase classname="tests.test_melhorias_abertos.TestFixesPagamento" name="test_parcial_depois_quitacao_reverte_para_ativo" time="0.247" /><testcase classname="tests.test_melhorias_abertos.TestFixesPagamento" name="test_quitar_uma_vencida_com_outra_vencida_mantem_inadimplente" time="0.100" /><testcase classname="tests.test_melhorias_abertos.TestFixesPagamento" name="test_pagamento_acima_do_devido_marca_pago" time="0.091" /></testsuite></testsuites>