<?xml version="1.0" encoding="utf-8"?><testsuites name="pytest tests"><testsuite name="pytest" errors="0" failures="0" skipped="0" tests="8" time="5.864" timestamp="2026-09-06T19:11:11.741402+00:00" hostname="agent-env-7ec3a901-ff42-4cde-a47f-0339bb73dcd1"><testcase classname="backend.tests.test_cpf_premium.TestPrecos" name="test_list_prices_contains_cpf_premium" time="2.965" /><testcase classname="backend.tests.test_cpf_premium.TestPrecos" name="test_update_price_cpf_premium" time="0.204" /><testcase classname="backend.tests.test_cpf_premium.TestConsultaCpfPremium" name="test_cpf_invalido_400" time="0.320" /><testcase classname="backend.tests.test_cpf_premium.TestConsultaCpfPremium" name="test_consulta_premium_sucesso_e_debito" time="0.901" /><testcase classname="backend.tests.test_cpf_premium.TestConsultaCpfPremium" name="test_historico_contains_premium" time="0.609" /><testcase classname="backend.tests.test_cpf_premium.TestConsultaCpfPremium" name="test_get_consulta_by_id" time="0.195" /><testcase classname="backend.tests.test_cpf_premium.TestConsultaCpfPremium" name="test_pdf_generation" time="0.346" /><testcase classname="backend.tests.test_cpf_premium.TestConsultaCpfPremium" name="test_saldo_insuficiente_402" time="0.190" /></testsuite></testsuites>