<?xml version="1.0" encoding="utf-8"?><testsuites name="pytest tests"><testsuite name="pytest" errors="0" failures="1" skipped="0" tests="5" time="2.307" timestamp="2026-09-08T21:12:08.481403+00:00" hostname="agent-env-e8c66f3f-01a4-45fc-a214-d7adf766cd25"><testcase classname="backend.tests.test_prorrogacao_melhorias" name="test_preview_prorrogacao" time="1.104" /><testcase classname="backend.tests.test_prorrogacao_melhorias" name="test_prorrogar_e_historico" time="0.272" /><testcase classname="backend.tests.test_prorrogacao_melhorias" name="test_get_endpoint_retorna_historico_prorrogacoes" time="0.244"><failure message="AssertionError: Bug: GET /api/emprestimos/{id} não retorna historico_prorrogacoes. Keys retornadas: ['id', 'cliente_id', 'valor_principal', 'taxa_juros_mensal', 'prazo_meses', 'metodo_calculo', 'periodo_carencia_meses', 'taxa_multa_atraso', 'taxa_juros_mora_diario', 'periodicidade', 'taxa_juros_semanal', 'prazo_semanas', 'sem_prazo', 'data_inicio', 'valor_total_com_juros', 'valor_total_juros', 'status', 'created_at']&#10;assert (None is not None)">backend/tests/test_prorrogacao_melhorias.py:129: in test_get_endpoint_retorna_historico_prorrogacoes
    assert hist is not None and len(hist) &gt;= 1, (
E   AssertionError: Bug: GET /api/emprestimos/{id} não retorna historico_prorrogacoes. Keys retornadas: ['id', 'cliente_id', 'valor_principal', 'taxa_juros_mensal', 'prazo_meses', 'metodo_calculo', 'periodo_carencia_meses', 'taxa_multa_atraso', 'taxa_juros_mora_diario', 'periodicidade', 'taxa_juros_semanal', 'prazo_semanas', 'sem_prazo', 'data_inicio', 'valor_total_com_juros', 'valor_total_juros', 'status', 'created_at']
E   assert (None is not None)</failure></testcase><testcase classname="backend.tests.test_prorrogacao_melhorias" name="test_recibo_pdf" time="0.235" /><testcase classname="backend.tests.test_prorrogacao_melhorias" name="test_recibo_whatsapp_mensagem_amigavel" time="0.374" /></testsuite></testsuites>