<?xml version="1.0" encoding="utf-8"?><testsuites name="pytest tests"><testsuite name="pytest" errors="0" failures="0" skipped="0" tests="8" time="3.283" timestamp="2026-09-08T17:21:10.389633+00:00" hostname="agent-env-e8c66f3f-01a4-45fc-a214-d7adf766cd25"><testcase classname="backend.tests.test_prorrogacao_prazo_fixo.TestProrrogacaoPrazoFixo" name="test_1_criar_emprestimo_juros_simples" time="1.207" /><testcase classname="backend.tests.test_prorrogacao_prazo_fixo.TestProrrogacaoPrazoFixo" name="test_2_pagar_primeira_parcela" time="0.306" /><testcase classname="backend.tests.test_prorrogacao_prazo_fixo.TestProrrogacaoPrazoFixo" name="test_3_prorrogar_prazo_fixo" time="0.305" /><testcase classname="backend.tests.test_prorrogacao_prazo_fixo.TestProrrogacaoPrazoFixo" name="test_4_quitar_restante" time="0.999" /><testcase classname="backend.tests.test_prorrogacao_prazo_fixo.TestProrrogacaoPrazoFixo" name="test_5_cleanup" time="0.100" /><testcase classname="backend.tests.test_prorrogacao_prazo_fixo.TestRegressaoApenasJuros" name="test_1_criar_apenas_juros" time="0.095" /><testcase classname="backend.tests.test_prorrogacao_prazo_fixo.TestRegressaoApenasJuros" name="test_2_prorrogar_apenas_juros_routing" time="0.116" /><testcase classname="backend.tests.test_prorrogacao_prazo_fixo.TestRegressaoApenasJuros" name="test_3_cleanup" time="0.096" /></testsuite></testsuites>