<?xml version="1.0" encoding="utf-8"?><testsuites name="pytest tests"><testsuite name="pytest" errors="0" failures="0" skipped="0" tests="23" time="3.833" timestamp="2026-09-02T18:52:05.609049+00:00" hostname="agent-env-7be03189-6bd9-4401-8b30-21ed71db1c73"><testcase classname="tests.backend_test.TestAuth" name="test_login_success" time="0.437" /><testcase classname="tests.backend_test.TestAuth" name="test_login_invalid_password" time="0.305" /><testcase classname="tests.backend_test.TestAuth" name="test_me_endpoint" time="0.366" /><testcase classname="tests.backend_test.TestAuth" name="test_protected_requires_token" time="0.078" /><testcase classname="tests.backend_test.TestImportedData" name="test_listar_clientes" time="0.084" /><testcase classname="tests.backend_test.TestImportedData" name="test_listar_emprestimos" time="0.104" /><testcase classname="tests.backend_test.TestImportedData" name="test_emprestimo_detalhe_e_parcelas" time="0.474" /><testcase classname="tests.backend_test.TestImportedData" name="test_emprestimo_inexistente_404" time="0.060" /><testcase classname="tests.backend_test.TestImportedData" name="test_dashboard" time="0.079" /><testcase classname="tests.backend_test.TestRelatorios" name="test_gerar_relatorio_pdf[clientes]" time="0.098" /><testcase classname="tests.backend_test.TestRelatorios" name="test_gerar_relatorio_pdf[emprestimos]" time="0.092" /><testcase classname="tests.backend_test.TestRelatorios" name="test_gerar_relatorio_excel" time="0.111" /><testcase classname="tests.backend_test.TestAdminTransacoes" name="test_listar" time="0.067" /><testcase classname="tests.backend_test.TestAdminTransacoes" name="test_exportar_json" time="0.087" /><testcase classname="tests.backend_test.TestAdminTransacoes" name="test_exportar_csv" time="0.061" /><testcase classname="tests.backend_test.TestAdminTransacoes" name="test_metricas" time="0.072" /><testcase classname="tests.backend_test.TestSuporte" name="test_tickets_usuario" time="0.085" /><testcase classname="tests.backend_test.TestSuporte" name="test_tickets_admin" time="0.062" /><testcase classname="tests.backend_test.TestSuporte" name="test_estatisticas_admin" time="0.065" /><testcase classname="tests.backend_test.TestUpload" name="test_upload_png_and_serve" time="0.773" /><testcase classname="tests.backend_test.TestUpload" name="test_upload_rejects_bad_extension" time="0.061" /><testcase classname="tests.backend_test.TestUpload" name="test_upload_requires_auth" time="0.061" /><testcase classname="tests.backend_test.TestUpload" name="test_serve_unknown_path_404" time="0.064" /></testsuite></testsuites>