<?xml version="1.0" encoding="utf-8"?><testsuites name="pytest tests"><testsuite name="pytest" errors="0" failures="0" skipped="0" tests="15" time="3.753" timestamp="2026-04-09T04:29:32.421779+00:00" hostname="agent-env-efa49366-ee5e-445e-92d9-11df42cd320d"><testcase classname="backend.tests.test_sem_prazo_flow.TestSemPrazoAuthentication" name="test_login_success" time="0.398" /><testcase classname="backend.tests.test_sem_prazo_flow.TestSemPrazoLoanRetrieval" name="test_list_emprestimos" time="0.454" /><testcase classname="backend.tests.test_sem_prazo_flow.TestSemPrazoLoanRetrieval" name="test_get_sem_prazo_mensal_ativo" time="0.110" /><testcase classname="backend.tests.test_sem_prazo_flow.TestSemPrazoLoanRetrieval" name="test_get_sem_prazo_semanal_ativo" time="0.100" /><testcase classname="backend.tests.test_sem_prazo_flow.TestSemPrazoParcelas" name="test_list_parcelas_sem_prazo_mensal" time="0.216" /><testcase classname="backend.tests.test_sem_prazo_flow.TestSemPrazoParcelas" name="test_list_parcelas_sem_prazo_semanal" time="0.223" /><testcase classname="backend.tests.test_sem_prazo_flow.TestSemPrazoUpdate" name="test_update_sem_prazo_without_prazo_field" time="0.338" /><testcase classname="backend.tests.test_sem_prazo_flow.TestSemPrazoUpdate" name="test_update_sem_prazo_mensal_taxa_juros" time="0.209" /><testcase classname="backend.tests.test_sem_prazo_flow.TestSemPrazoQuitar" name="test_quitar_endpoint_exists" time="0.213" /><testcase classname="backend.tests.test_sem_prazo_flow.TestSemPrazoQuitar" name="test_quitar_already_quitado_loan" time="0.236" /><testcase classname="backend.tests.test_sem_prazo_flow.TestSemPrazoQuitar" name="test_quitar_sem_prazo_loan_structure" time="0.106" /><testcase classname="backend.tests.test_sem_prazo_flow.TestSemPrazoCreate" name="test_create_sem_prazo_mensal_loan" time="0.335" /><testcase classname="backend.tests.test_sem_prazo_flow.TestSemPrazoCreate" name="test_create_sem_prazo_semanal_loan" time="0.329" /><testcase classname="backend.tests.test_sem_prazo_flow.TestSemPrazoValidation" name="test_sem_prazo_requires_apenas_juros" time="0.223" /><testcase classname="backend.tests.test_sem_prazo_flow.TestSemPrazoValidation" name="test_sem_prazo_mensal_requires_taxa_mensal" time="0.209" /></testsuite></testsuites>