<?xml version="1.0" encoding="utf-8"?><testsuites name="pytest tests"><testsuite name="pytest" errors="0" failures="0" skipped="0" tests="6" time="5.052" timestamp="2026-09-08T16:34:32.783987+00:00" hostname="agent-env-5ca1c88a-e083-476a-8a2a-6377e281a6cc"><testcase classname="backend.tests.test_whatsapp_templates_isolamento" name="test_login_ambas_contas" time="1.274" /><testcase classname="backend.tests.test_whatsapp_templates_isolamento" name="test_isolamento_A_cria_B_nao_ve" time="0.935" /><testcase classname="backend.tests.test_whatsapp_templates_isolamento" name="test_isolamento_B_cria_A_nao_ve" time="0.616" /><testcase classname="backend.tests.test_whatsapp_templates_isolamento" name="test_edit_template_nao_padrao_persiste" time="0.712" /><testcase classname="backend.tests.test_whatsapp_templates_isolamento" name="test_edit_template_padrao_bloqueado" time="0.631" /><testcase classname="backend.tests.test_whatsapp_templates_isolamento" name="test_duplicar_preview_excluir" time="0.831" /></testsuite></testsuites>