<?xml version="1.0" encoding="utf-8"?><testsuites name="pytest tests"><testsuite name="pytest" errors="0" failures="0" skipped="0" tests="5" time="1.795" timestamp="2026-09-03T21:22:06.738359+00:00" hostname="agent-env-b232168a-a41e-42e0-8a7e-af2394906cc0"><testcase classname="tests.test_simular_diario" name="test_simular_diario_juros_simples" time="0.908" /><testcase classname="tests.test_simular_diario" name="test_simular_diario_sem_taxa_retorna_422" time="0.194" /><testcase classname="tests.test_simular_diario" name="test_simular_diario_sem_prazo_retorna_422" time="0.191" /><testcase classname="tests.test_simular_diario" name="test_simular_mensal_regressao" time="0.295" /><testcase classname="tests.test_simular_diario" name="test_simular_semanal_regressao" time="0.151" /></testsuite></testsuites>