<?xml version="1.0" encoding="utf-8"?><testsuites name="pytest tests"><testsuite name="pytest" errors="0" failures="0" skipped="0" tests="6" time="3.602" timestamp="2026-04-07T02:19:42.554712+00:00" hostname="agent-env-19b3f24f-15f8-452e-b255-0707e34f6b77"><testcase classname="backend.tests.test_compartilhar_pdf.TestCompartilharPDF" name="test_compartilhar_pdf_endpoint_exists" time="0.621" /><testcase classname="backend.tests.test_compartilhar_pdf.TestCompartilharPDF" name="test_compartilhar_pdf_returns_pdf_content_type" time="0.598" /><testcase classname="backend.tests.test_compartilhar_pdf.TestCompartilharPDF" name="test_compartilhar_pdf_has_content_disposition" time="0.610" /><testcase classname="backend.tests.test_compartilhar_pdf.TestCompartilharPDF" name="test_compartilhar_pdf_has_valid_pdf_content" time="0.563" /><testcase classname="backend.tests.test_compartilhar_pdf.TestCompartilharPDF" name="test_compartilhar_pdf_invalid_id_returns_404" time="0.573" /><testcase classname="backend.tests.test_compartilhar_pdf.TestCompartilharPDF" name="test_compartilhar_pdf_requires_auth" time="0.590" /></testsuite></testsuites>