<?xml version="1.0" encoding="utf-8"?><testsuites name="pytest tests"><testsuite name="pytest" errors="0" failures="0" skipped="0" tests="4" time="1.371" timestamp="2026-09-03T20:31:35.979975+00:00" hostname="agent-env-b232168a-a41e-42e0-8a7e-af2394906cc0"><testcase classname="tests.test_emprestimos_abertos_rodrigo" name="test_emprestimo_detalhe_tem_parcela_24" time="0.704" /><testcase classname="tests.test_emprestimos_abertos_rodrigo" name="test_abertos_resumo_contem_rodrigo" time="0.246" /><testcase classname="tests.test_emprestimos_abertos_rodrigo" name="test_job_idempotente" time="0.365" /><testcase classname="tests.test_emprestimos_abertos_rodrigo" name="test_sempre_uma_parcela_futura_pendente" time="0.003" /></testsuite></testsuites>