<?xml version="1.0" encoding="utf-8"?><testsuites name="pytest tests"><testsuite name="pytest" errors="0" failures="0" skipped="0" tests="15" time="6.237" timestamp="2026-05-18T01:04:49.100832+00:00" hostname="agent-env-d22e6348-5a94-4084-a46b-bf66ac6b87d3"><testcase classname="backend.tests.test_dashboard_pagamentos.TestDashboard" name="test_dashboard_returns_200" time="0.963" /><testcase classname="backend.tests.test_dashboard_pagamentos.TestDashboard" name="test_dashboard_novos_campos_presentes" time="0.134" /><testcase classname="backend.tests.test_dashboard_pagamentos.TestDashboard" name="test_dashboard_aging_atrasos_estrutura" time="0.133" /><testcase classname="backend.tests.test_dashboard_pagamentos.TestDashboard" name="test_dashboard_top_inadimplentes_estrutura" time="0.121" /><testcase classname="backend.tests.test_dashboard_pagamentos.TestDashboard" name="test_juros_recebidos_nao_eh_30_porcento" time="0.275" /><testcase classname="backend.tests.test_dashboard_pagamentos.TestDashboard" name="test_dashboard_valores_nao_negativos" time="0.125" /><testcase classname="backend.tests.test_dashboard_pagamentos.TestParcelasPendentes" name="test_parcelas_pendentes_retorna_lista" time="0.721" /><testcase classname="backend.tests.test_dashboard_pagamentos.TestParcelasPendentes" name="test_parcelas_pendentes_inclui_ultima_cobranca_em" time="0.739" /><testcase classname="backend.tests.test_dashboard_pagamentos.TestCobrancaEmMassa" name="test_cobrar_em_massa_lista_vazia_400" time="0.103" /><testcase classname="backend.tests.test_dashboard_pagamentos.TestCobrancaEmMassa" name="test_cobrar_em_massa_limite_50" time="0.121" /><testcase classname="backend.tests.test_dashboard_pagamentos.TestCobrancaEmMassa" name="test_cobrar_em_massa_estrutura_resposta" time="0.891" /><testcase classname="backend.tests.test_dashboard_pagamentos.TestEstornoPagamento" name="test_estornar_pagamento_inexistente_404" time="0.415" /><testcase classname="backend.tests.test_dashboard_pagamentos.TestEstornoPagamento" name="test_estornar_pagamento_completo" time="1.121" /><testcase classname="backend.tests.test_dashboard_pagamentos.TestEstornoPagamento" name="test_estornar_amortizacao_bloqueado" time="0.185" /><testcase classname="backend.tests.test_dashboard_pagamentos.TestModeloPagamento" name="test_listagem_pagamentos_inclui_tipo" time="0.137" /></testsuite></testsuites>