<?xml version="1.0" encoding="utf-8"?><testsuites name="pytest tests"><testsuite name="pytest" errors="0" failures="0" skipped="0" tests="8" time="4.809" timestamp="2026-04-12T16:54:37.823435+00:00" hostname="agent-env-b299052b-3d48-4d78-a154-c9e2db1469a4"><testcase classname="backend.tests.test_syncpay_integration.TestSyncPayIntegration" name="test_01_admin_login" time="0.472" /><testcase classname="backend.tests.test_syncpay_integration.TestSyncPayIntegration" name="test_02_gateway_disponiveis_returns_syncpay" time="0.111" /><testcase classname="backend.tests.test_syncpay_integration.TestSyncPayIntegration" name="test_03_checkout_syncpay_creates_pix_charge" time="2.093" /><testcase classname="backend.tests.test_syncpay_integration.TestSyncPayIntegration" name="test_04_syncpay_status_returns_pending" time="0.678" /><testcase classname="backend.tests.test_syncpay_integration.TestSyncPayIntegration" name="test_05_checkout_syncpay_rejects_duplicate_email" time="0.774" /><testcase classname="backend.tests.test_syncpay_integration.TestSyncPayIntegration" name="test_06_checkout_syncpay_validates_plano" time="0.110" /><testcase classname="backend.tests.test_syncpay_integration.TestSyncPayIntegration" name="test_07_checkout_syncpay_rejects_trial_plano" time="0.105" /><testcase classname="backend.tests.test_syncpay_integration.TestSyncPayStatusPolling" name="test_invalid_transaction_id" time="0.399" /></testsuite></testsuites>