<?xml version="1.0" encoding="utf-8"?><testsuites name="pytest tests"><testsuite name="pytest" errors="0" failures="0" skipped="0" tests="7" time="2.279" timestamp="2026-09-02T20:37:04.782700+00:00" hostname="agent-env-7be03189-6bd9-4401-8b30-21ed71db1c73"><testcase classname="tests.test_score_recalculo.TestAnaliseClientes" name="test_scores_variam" time="0.828" /><testcase classname="tests.test_score_recalculo.TestAnaliseClientes" name="test_no_mongo_id_leak" time="0.094" /><testcase classname="tests.test_score_recalculo.TestAnaliseClientes" name="test_filtro_classificacao" time="0.101" /><testcase classname="tests.test_score_recalculo.TestScoreDetalhe" name="test_detalhes_score" time="0.216" /><testcase classname="tests.test_score_recalculo.TestScoreDetalhe" name="test_score_404_cliente_inexistente" time="0.077" /><testcase classname="tests.test_score_recalculo.TestScoreDetalhe" name="test_recalcular_manual" time="0.117" /><testcase classname="tests.test_score_recalculo.TestPagamentoRecalculaScore" name="test_pagamento_recalcula_e_estorno_recalcula" time="0.774" /></testsuite></testsuites>