<?xml version="1.0" encoding="utf-8"?><testsuites name="pytest tests"><testsuite name="pytest" errors="0" failures="1" skipped="0" tests="13" time="8.350" timestamp="2026-09-07T18:53:43.914027+00:00" hostname="agent-env-6683466e-7bfb-49be-bb9e-7f5efdf9e30a"><testcase classname="backend.tests.test_security_panel.TestTurnstile" name="test_registro_sem_turnstile_400" time="0.542" /><testcase classname="backend.tests.test_security_panel.TestTurnstile" name="test_registro_com_turnstile_ok" time="0.514" /><testcase classname="backend.tests.test_security_panel.TestSecurityPanel" name="test_resumo_sem_token_401" time="1.712" /><testcase classname="backend.tests.test_security_panel.TestSecurityPanel" name="test_resumo_admin_200" time="0.684" /><testcase classname="backend.tests.test_security_panel.TestSecurityPanel" name="test_login_bloqueios_admin" time="0.198" /><testcase classname="backend.tests.test_security_panel.TestSecurityPanel" name="test_webhooks_suspeitos_admin" time="0.208" /><testcase classname="backend.tests.test_security_panel.TestSecurityPanel" name="test_forjar_webhook_e_ver_no_painel" time="2.616" /><testcase classname="backend.tests.test_security_panel.TestRateLimitMongo" name="test_rate_limits_collection_populated" time="0.785" /><testcase classname="backend.tests.test_security_panel.TestRegression" name="test_admin_login_ok" time="0.000" /><testcase classname="backend.tests.test_security_panel.TestRegression" name="test_auth_me" time="0.202" /><testcase classname="backend.tests.test_security_panel.TestRegression" name="test_public_planos" time="0.147" /><testcase classname="backend.tests.test_security_panel.TestRegression" name="test_public_landing" time="0.152" /><testcase classname="backend.tests.test_security_panel.TestRegression" name="test_cupom_endpoints_require_admin" time="0.501"><failure message="assert 404 in (401, 403, 422)&#10; +  where 404 = &lt;Response [404]&gt;.status_code">backend/tests/test_security_panel.py:180: in test_cupom_endpoints_require_admin
    assert r1.status_code in (401, 403, 422)
E   assert 404 in (401, 403, 422)
E    +  where 404 = &lt;Response [404]&gt;.status_code</failure></testcase></testsuite></testsuites>