<?xml version="1.0" encoding="utf-8"?><testsuites name="pytest tests"><testsuite name="pytest" errors="0" failures="0" skipped="0" tests="14" time="9.581" timestamp="2026-09-07T18:30:33.222240+00:00" hostname="agent-env-6683466e-7bfb-49be-bb9e-7f5efdf9e30a"><testcase classname="tests.test_security_audit" name="test_1_legit_admin_login" time="0.586" /><testcase classname="tests.test_security_audit" name="test_2_auth_me" time="0.143" /><testcase classname="tests.test_security_audit" name="test_3_consultas_idor_random_id" time="0.218" /><testcase classname="tests.test_security_audit" name="test_4_carteira_requires_auth" time="0.299" /><testcase classname="tests.test_security_audit" name="test_5_public_planos" time="0.225" /><testcase classname="tests.test_security_audit" name="test_6_public_landing" time="0.525" /><testcase classname="tests.test_security_audit" name="test_7_registro_short_password_422" time="0.212" /><testcase classname="tests.test_security_audit" name="test_8_syncpay_webhook_forgery" time="1.960" /><testcase classname="tests.test_security_audit" name="test_9_validar_cupom_no_auth_blocked" time="0.145" /><testcase classname="tests.test_security_audit" name="test_10_usar_cupom_no_auth_blocked" time="0.138" /><testcase classname="tests.test_security_audit" name="test_11_validar_cupom_admin_ok" time="0.180" /><testcase classname="tests.test_security_audit" name="test_12_nosql_object_email" time="0.151" /><testcase classname="tests.test_security_audit" name="test_13_per_account_lock_5_fails" time="1.461" /><testcase classname="tests.test_security_audit" name="test_14_per_ip_lock_different_emails" time="3.279" /></testsuite></testsuites>