<?xml version="1.0" encoding="utf-8"?><testsuites name="pytest tests"><testsuite name="pytest" errors="0" failures="0" skipped="1" tests="28" time="5.103" timestamp="2026-05-18T16:04:21.954303+00:00" hostname="agent-env-06e09007-a7e0-4cbf-8b2f-a98bba226da9"><testcase classname="backend.tests.test_security_audit.TestNoSQLInjectionLogin" name="test_nosql_gt_operator_email" time="0.187" /><testcase classname="backend.tests.test_security_audit.TestNoSQLInjectionLogin" name="test_nosql_ne_operator" time="0.117" /><testcase classname="backend.tests.test_security_audit.TestNoSQLInjectionLogin" name="test_nosql_regex_email" time="0.125" /><testcase classname="backend.tests.test_security_audit.TestNoSQLInjectionLogin" name="test_nosql_where_operator" time="0.107" /><testcase classname="backend.tests.test_security_audit.TestNoSQLInjectionResourceIDs" name="test_nosql_emprestimo_id_gt" time="0.529" /><testcase classname="backend.tests.test_security_audit.TestNoSQLInjectionResourceIDs" name="test_nosql_emprestimo_id_regex" time="0.143" /><testcase classname="backend.tests.test_security_audit.TestRateLimiting" name="test_login_rate_limit" time="0.130" /><testcase classname="backend.tests.test_security_audit.TestRateLimiting" name="test_registro_rate_limit" time="0.115" /><testcase classname="backend.tests.test_security_audit.TestAuthentication" name="test_emprestimos_without_token" time="0.127" /><testcase classname="backend.tests.test_security_audit.TestAuthentication" name="test_emprestimos_with_forged_jwt" time="0.112" /><testcase classname="backend.tests.test_security_audit.TestAuthentication" name="test_emprestimos_with_empty_token" time="0.113" /><testcase classname="backend.tests.test_security_audit.TestAuthentication" name="test_me_endpoint_no_senha_hash" time="0.137" /><testcase classname="backend.tests.test_security_audit.TestAuthentication" name="test_verificar_status_email_requires_auth" time="0.110" /><testcase classname="backend.tests.test_security_audit.TestIDOR" name="test_idor_access_admin_emprestimo" time="0.582" /><testcase classname="backend.tests.test_security_audit.TestIDOR" name="test_idor_access_admin_emprestimo_parcelas" time="0.153" /><testcase classname="backend.tests.test_security_audit.TestHardDelete" name="test_hard_delete_requires_admin" time="0.138" /><testcase classname="backend.tests.test_security_audit.TestBusinessRules" name="test_payment_negative_value" time="0.131" /><testcase classname="backend.tests.test_security_audit.TestBusinessRules" name="test_payment_zero_value" time="0.114" /><testcase classname="backend.tests.test_security_audit.TestBusinessRules" name="test_edit_quitado_emprestimo" time="0.233" /><testcase classname="backend.tests.test_security_audit.TestBackupPathTraversal" name="test_path_traversal_etc_passwd" time="0.155" /><testcase classname="backend.tests.test_security_audit.TestBackupPathTraversal" name="test_path_traversal_double_dot" time="0.116" /><testcase classname="backend.tests.test_security_audit.TestRegistrationValidation" name="test_registro_senha_curta" time="0.124" /><testcase classname="backend.tests.test_security_audit.TestRegistrationValidation" name="test_registro_senha_5_chars" time="0.119" /><testcase classname="backend.tests.test_security_audit.TestMassAssignment" name="test_mass_assignment_perfil_admin" time="0.362" /><testcase classname="backend.tests.test_security_audit.TestMassAssignment" name="test_mass_assignment_superadmin" time="0.367" /><testcase classname="backend.tests.test_security_audit.TestResend2FA" name="test_resend_2fa_nonexistent_email" time="0.118" /><testcase classname="backend.tests.test_security_audit.TestResend2FA" name="test_resend_2fa_existing_without_2fa" time="0.134" /><testcase classname="backend.tests.test_security_audit.TestHardDeleteAuthorizationFull" name="test_normal_user_cannot_hard_delete_own_emprestimo" time="0.127"><skipped type="pytest.skip" message="No user emprestimo found for hard delete test">/app/backend/tests/test_security_audit.py:447: No user emprestimo found for hard delete test</skipped></testcase></testsuite></testsuites>