<?xml version="1.0" encoding="utf-8"?><testsuites name="pytest tests"><testsuite name="pytest" errors="0" failures="0" skipped="0" tests="8" time="4.306" timestamp="2026-09-07T19:09:26.850642+00:00" hostname="agent-env-6683466e-7bfb-49be-bb9e-7f5efdf9e30a"><testcase classname="backend.tests.test_turnstile_login.TestLoginTurnstile" name="test_login_without_turnstile_returns_400" time="0.350" /><testcase classname="backend.tests.test_turnstile_login.TestLoginTurnstile" name="test_login_wrong_password_with_turnstile_returns_401" time="0.460" /><testcase classname="backend.tests.test_turnstile_login.TestLoginTurnstile" name="test_login_success_with_turnstile_returns_tokens" time="0.399" /><testcase classname="backend.tests.test_turnstile_login.TestRegistroTurnstile" name="test_registro_without_turnstile_returns_400" time="0.086" /><testcase classname="backend.tests.test_turnstile_login.TestRegistroTurnstile" name="test_registro_with_turnstile_creates_user" time="2.687" /><testcase classname="backend.tests.test_turnstile_login.TestSecuritySummary" name="test_seguranca_resumo_requires_auth" time="0.088" /><testcase classname="backend.tests.test_turnstile_login.TestSecuritySummary" name="test_seguranca_resumo_with_admin" time="0.092" /><testcase classname="backend.tests.test_turnstile_login.TestForgedWebhook" name="test_forged_syncpay_webhook_returns_200_no_mutation" time="0.088" /></testsuite></testsuites>