<?xml version="1.0" encoding="utf-8"?><testsuites name="pytest tests"><testsuite name="pytest" errors="0" failures="0" skipped="0" tests="5" time="4.950" timestamp="2026-09-08T01:21:46.920725+00:00" hostname="agent-env-b2965c15-d30b-426d-afbd-befcb996fcd6"><testcase classname="backend.tests.test_whatsapp_envio_real" name="test_login_returns_token" time="0.566" /><testcase classname="backend.tests.test_whatsapp_envio_real" name="test_conexao_ativa_correta" time="0.167" /><testcase classname="backend.tests.test_whatsapp_envio_real" name="test_envio_real_numero_1" time="1.084" /><testcase classname="backend.tests.test_whatsapp_envio_real" name="test_envio_real_numero_2" time="0.910" /><testcase classname="backend.tests.test_whatsapp_envio_real" name="test_historico_lista_envios" time="2.146" /></testsuite></testsuites>