<?xml version="1.0" encoding="utf-8"?><testsuites name="pytest tests"><testsuite name="pytest" errors="0" failures="0" skipped="0" tests="5" time="1.701" timestamp="2026-09-08T01:10:51.690894+00:00" hostname="agent-env-b2965c15-d30b-426d-afbd-befcb996fcd6"><testcase classname="backend.tests.test_whatsapp_numero" name="test_login_returns_token" time="0.539" /><testcase classname="backend.tests.test_whatsapp_numero" name="test_conexoes_lists_numero" time="0.195" /><testcase classname="backend.tests.test_whatsapp_numero" name="test_status_endpoint_persists_numero" time="0.519" /><testcase classname="backend.tests.test_whatsapp_numero" name="test_status_servico" time="0.161" /><testcase classname="backend.tests.test_whatsapp_numero" name="test_config_evolution" time="0.232" /></testsuite></testsuites>