<?xml version="1.0" encoding="utf-8"?><testsuites name="pytest tests"><testsuite name="pytest" errors="2" failures="0" skipped="0" tests="2" time="0.568" timestamp="2026-09-08T03:36:14.502719+00:00" hostname="agent-env-f34aed96-cd11-4e34-9c98-d80aeb5c209e"><testcase classname="tests.test_whatsapp_cobranca_sem_prazo" name="test_sem_prazo_message_content" time="0.493"><error message="failed on setup with &quot;AssertionError: Login falhou: 422 {&quot;detail&quot;:[{&quot;type&quot;:&quot;missing&quot;,&quot;loc&quot;:[&quot;body&quot;,&quot;senha&quot;],&quot;msg&quot;:&quot;Field required&quot;,&quot;input&quot;:{&quot;email&quot;:&quot;diego.haidmann@gmail.com&quot;,&quot;password&quot;:&quot;GestorTest@2026&quot;},&quot;url&quot;:&quot;https://errors.pydantic.dev/2.12/v/missing&quot;}]}&#10;assert 422 == 200&#10; +  where 422 = &lt;Response [422]&gt;.status_code&quot;">tests/test_whatsapp_cobranca_sem_prazo.py:41: in token
    assert r.status_code == 200, f"Login falhou: {r.status_code} {r.text}"
E   AssertionError: Login falhou: 422 {"detail":[{"type":"missing","loc":["body","senha"],"msg":"Field required","input":{"email":"diego.haidmann@gmail.com","password":"GestorTest@2026"},"url":"https://errors.pydantic.dev/2.12/v/missing"}]}
E   assert 422 == 200
E    +  where 422 = &lt;Response [422]&gt;.status_code</error></testcase><testcase classname="tests.test_whatsapp_cobranca_sem_prazo" name="test_com_prazo_message_regression" time="0.000"><error message="failed on setup with &quot;AssertionError: Login falhou: 422 {&quot;detail&quot;:[{&quot;type&quot;:&quot;missing&quot;,&quot;loc&quot;:[&quot;body&quot;,&quot;senha&quot;],&quot;msg&quot;:&quot;Field required&quot;,&quot;input&quot;:{&quot;email&quot;:&quot;diego.haidmann@gmail.com&quot;,&quot;password&quot;:&quot;GestorTest@2026&quot;},&quot;url&quot;:&quot;https://errors.pydantic.dev/2.12/v/missing&quot;}]}&#10;assert 422 == 200&#10; +  where 422 = &lt;Response [422]&gt;.status_code&quot;">tests/test_whatsapp_cobranca_sem_prazo.py:41: in token
    assert r.status_code == 200, f"Login falhou: {r.status_code} {r.text}"
E   AssertionError: Login falhou: 422 {"detail":[{"type":"missing","loc":["body","senha"],"msg":"Field required","input":{"email":"diego.haidmann@gmail.com","password":"GestorTest@2026"},"url":"https://errors.pydantic.dev/2.12/v/missing"}]}
E   assert 422 == 200
E    +  where 422 = &lt;Response [422]&gt;.status_code</error></testcase></testsuite></testsuites>